Using pre-set license
Built from '2020.2/staging' branch; Version is '2020.2.7f1 (c53830e277f1) revision 12924976'; Using compiler version '192528614'; Build Type 'Release'
OS: 'Windows 10 Pro; OS build 19042.928; Version 2009; 64bit' Language: 'en' Physical Memory: 16343 MB
BatchMode: 1, IsHumanControllingUs: 0, StartBugReporterOnCrash: 0, Is64bit: 1, IsPro: 0

 COMMAND LINE ARGUMENTS:
C:\Program Files\Unity\Hub\Editor\2020.2.7f1\Editor\Unity.exe
-adb2
-batchMode
-noUpm
-name
AssetImportWorker2
-projectPath
D:/Joshua Tan/Unity/MOBA Game/Potato
-logFile
Logs/AssetImportWorker2.log
-srvPort
51713
Successfully changed project path to: D:/Joshua Tan/Unity/MOBA Game/Potato
D:/Joshua Tan/Unity/MOBA Game/Potato
Using Asset Import Pipeline V2.
Refreshing native plugins compatible for Editor in 43.98 ms, found 1 plugins.
Preloading 0 native plugins for Editor in 0.00 ms.
Initialize engine version: 2020.2.7f1 (c53830e277f1)
[Subsystems] Discovering subsystems at path C:/Program Files/Unity/Hub/Editor/2020.2.7f1/Editor/Data/Resources/UnitySubsystems
[Subsystems] Discovering subsystems at path D:/Joshua Tan/Unity/MOBA Game/Potato/Assets
GfxDevice: creating device client; threaded=0
Direct3D:
    Version:  Direct3D 11.0 [level 11.1]
    Renderer: NVIDIA GeForce GTX 1060 6GB (ID=0x1c03)
    Vendor:   
    VRAM:     6052 MB
    Driver:   27.21.14.5671
Initialize mono
Mono path[0] = 'C:/Program Files/Unity/Hub/Editor/2020.2.7f1/Editor/Data/Managed'
Mono path[1] = 'C:/Program Files/Unity/Hub/Editor/2020.2.7f1/Editor/Data/MonoBleedingEdge/lib/mono/unityjit'
Mono config path = 'C:/Program Files/Unity/Hub/Editor/2020.2.7f1/Editor/Data/MonoBleedingEdge/etc'
Using monoOptions --debugger-agent=transport=dt_socket,embedding=1,server=y,suspend=n,address=127.0.0.1:56828
Begin MonoManager ReloadAssembly
Registering precompiled unity dll's ...
Register platform support module: C:/Program Files/Unity/Hub/Editor/2020.2.7f1/Editor/Data/PlaybackEngines/WindowsStandaloneSupport/UnityEditor.WindowsStandalone.Extensions.dll
Registered in 0.001883 seconds.
Native extension for WindowsStandalone target not found
Refreshing native plugins compatible for Editor in 47.88 ms, found 1 plugins.
Preloading 0 native plugins for Editor in 0.00 ms.
Invoked RoslynAnalysisRunner static constructor.
RoslynAnalysisRunner will not be running.
RoslynAnalysisRunner has terminated.
Mono: successfully reloaded assembly
- Completed reload, in  1.280 seconds
Platform modules already initialized, skipping
Registering precompiled user dll's ...
Registered in 0.001209 seconds.
Begin MonoManager ReloadAssembly
Native extension for WindowsStandalone target not found
Refreshing native plugins compatible for Editor in 39.08 ms, found 1 plugins.
Preloading 0 native plugins for Editor in 0.00 ms.
Invoked RoslynAnalysisRunner static constructor.
RoslynAnalysisRunner will not be running.
RoslynAnalysisRunner has terminated.
Mono: successfully reloaded assembly
- Completed reload, in  1.000 seconds
Platform modules already initialized, skipping
========================================================================
Worker process is ready to serve import requests
Launched and connected shader compiler UnityShaderCompiler.exe after 0.05 seconds
Refreshing native plugins compatible for Editor in 0.35 ms, found 1 plugins.
Preloading 0 native plugins for Editor in 0.00 ms.
Unloading 1842 Unused Serialized files (Serialized files now loaded: 0)
System memory in use before: 85.5 MB.
System memory in use after: 85.5 MB.

Unloading 24 unused Assets to reduce memory usage. Loaded Objects now: 2286.
Total: 2.449300 ms (FindLiveObjects: 0.289600 ms CreateObjectMapping: 0.065900 ms MarkObjects: 1.903700 ms  DeleteObjects: 0.188900 ms)

========================================================================
Received Import Request.
  path: Assets/Boss/Cabbage/CabbageExplode/CabbageExplode.anim
  artifactKey: Guid(e6f7c31bd688a0d4983d0c3e1e3b20fb) Importer(815301076,1909f56bfc062723c751e8b465ee728b)
Start importing Assets/Boss/Cabbage/CabbageExplode/CabbageExplode.anim using Guid(e6f7c31bd688a0d4983d0c3e1e3b20fb) Importer(815301076,1909f56bfc062723c751e8b465ee728b)  -> (artifact id: '1b54803a1404c67a1eaf7f12a1d0693d') in 0.043568 seconds
  Import took 0.047384 seconds .

========================================================================
Received Import Request.
  Time since last request: 10472.870259 seconds.
  path: Assets/Misc/Potato Pandemonium.mp3
  artifactKey: Guid(16bc1cfe0478d6544b6abc6a7c77f3df) Importer(815301076,1909f56bfc062723c751e8b465ee728b)
Start importing Assets/Misc/Potato Pandemonium.mp3 using Guid(16bc1cfe0478d6544b6abc6a7c77f3df) Importer(815301076,1909f56bfc062723c751e8b465ee728b)  -> (artifact id: '116e8133c20fbefbbe0ae7337ff41b6e') in 0.148451 seconds
  Import took 0.199854 seconds .

========================================================================
Received Prepare
Registering precompiled user dll's ...
Registered in 0.012696 seconds.
Begin MonoManager ReloadAssembly
Native extension for WindowsStandalone target not found
Refreshing native plugins compatible for Editor in 0.42 ms, found 1 plugins.
Preloading 0 native plugins for Editor in 0.00 ms.
Invoked RoslynAnalysisRunner static constructor.
RoslynAnalysisRunner will not be running.
RoslynAnalysisRunner has terminated.
Mono: successfully reloaded assembly
- Completed reload, in  0.900 seconds
Platform modules already initialized, skipping
Refreshing native plugins compatible for Editor in 0.37 ms, found 1 plugins.
Preloading 0 native plugins for Editor in 0.00 ms.
Unloading 1837 Unused Serialized files (Serialized files now loaded: 0)
System memory in use before: 88.6 MB.
System memory in use after: 88.6 MB.

Unloading 12 unused Assets to reduce memory usage. Loaded Objects now: 2299.
Total: 2.176600 ms (FindLiveObjects: 0.212600 ms CreateObjectMapping: 0.084100 ms MarkObjects: 1.772900 ms  DeleteObjects: 0.105800 ms)

========================================================================
Received Import Request.
  Time since last request: 36.349699 seconds.
  path: Assets/Scenes/MainScene.unity
  artifactKey: Guid(2cda990e2423bbf4892e6590ba056729) Importer(815301076,1909f56bfc062723c751e8b465ee728b)
Start importing Assets/Scenes/MainScene.unity using Guid(2cda990e2423bbf4892e6590ba056729) Importer(815301076,1909f56bfc062723c751e8b465ee728b)  -> (artifact id: '68b05039069efef35049705568dd5c84') in 0.019060 seconds
  Import took 0.022393 seconds .

========================================================================
Received Prepare
Registering precompiled user dll's ...
Registered in 0.001073 seconds.
Begin MonoManager ReloadAssembly
Native extension for WindowsStandalone target not found
Refreshing native plugins compatible for Editor in 0.55 ms, found 1 plugins.
Preloading 0 native plugins for Editor in 0.00 ms.
Invoked RoslynAnalysisRunner static constructor.
RoslynAnalysisRunner will not be running.
RoslynAnalysisRunner has terminated.
Mono: successfully reloaded assembly
- Completed reload, in  0.887 seconds
Platform modules already initialized, skipping
Refreshing native plugins compatible for Editor in 0.33 ms, found 1 plugins.
Preloading 0 native plugins for Editor in 0.00 ms.
Unloading 1837 Unused Serialized files (Serialized files now loaded: 0)
System memory in use before: 88.7 MB.
System memory in use after: 88.7 MB.

Unloading 12 unused Assets to reduce memory usage. Loaded Objects now: 2303.
Total: 2.111400 ms (FindLiveObjects: 0.200000 ms CreateObjectMapping: 0.072400 ms MarkObjects: 1.697800 ms  DeleteObjects: 0.140000 ms)

========================================================================
Received Import Request.
  Time since last request: 17.239196 seconds.
  path: Assets/Scenes/MainScene.unity
  artifactKey: Guid(2cda990e2423bbf4892e6590ba056729) Importer(815301076,1909f56bfc062723c751e8b465ee728b)
Start importing Assets/Scenes/MainScene.unity using Guid(2cda990e2423bbf4892e6590ba056729) Importer(815301076,1909f56bfc062723c751e8b465ee728b)  -> (artifact id: '02ad590f0997e290a7eb91762fa8c572') in 0.012701 seconds
  Import took 0.033246 seconds .

========================================================================
Received Prepare
Registering precompiled user dll's ...
Registered in 0.000869 seconds.
Begin MonoManager ReloadAssembly
Native extension for WindowsStandalone target not found
Refreshing native plugins compatible for Editor in 0.36 ms, found 1 plugins.
Preloading 0 native plugins for Editor in 0.00 ms.
Invoked RoslynAnalysisRunner static constructor.
RoslynAnalysisRunner will not be running.
RoslynAnalysisRunner has terminated.
Mono: successfully reloaded assembly
- Completed reload, in  0.878 seconds
Platform modules already initialized, skipping
Refreshing native plugins compatible for Editor in 0.47 ms, found 1 plugins.
Preloading 0 native plugins for Editor in 0.00 ms.
Unloading 1837 Unused Serialized files (Serialized files now loaded: 0)
System memory in use before: 88.7 MB.
System memory in use after: 88.7 MB.

Unloading 12 unused Assets to reduce memory usage. Loaded Objects now: 2307.
Total: 2.435700 ms (FindLiveObjects: 0.275900 ms CreateObjectMapping: 0.066200 ms MarkObjects: 1.953400 ms  DeleteObjects: 0.139000 ms)

========================================================================
Received Prepare
Registering precompiled user dll's ...
Registered in 0.000876 seconds.
Begin MonoManager ReloadAssembly
Native extension for WindowsStandalone target not found
Refreshing native plugins compatible for Editor in 0.73 ms, found 1 plugins.
Preloading 0 native plugins for Editor in 0.00 ms.
Invoked RoslynAnalysisRunner static constructor.
RoslynAnalysisRunner will not be running.
RoslynAnalysisRunner has terminated.
Mono: successfully reloaded assembly
- Completed reload, in  0.967 seconds
Platform modules already initialized, skipping
Refreshing native plugins compatible for Editor in 0.36 ms, found 1 plugins.
Preloading 0 native plugins for Editor in 0.00 ms.
Unloading 1837 Unused Serialized files (Serialized files now loaded: 0)
System memory in use before: 88.7 MB.
System memory in use after: 88.7 MB.

Unloading 12 unused Assets to reduce memory usage. Loaded Objects now: 2311.
Total: 1.976700 ms (FindLiveObjects: 0.224100 ms CreateObjectMapping: 0.079000 ms MarkObjects: 1.562800 ms  DeleteObjects: 0.109500 ms)

========================================================================
Received Prepare
Refreshing native plugins compatible for Editor in 1.56 ms, found 1 plugins.
Preloading 0 native plugins for Editor in 0.00 ms.
Unloading 10 Unused Serialized files (Serialized files now loaded: 0)
System memory in use before: 52.6 MB.
System memory in use after: 52.6 MB.

Unloading 10 unused Assets to reduce memory usage. Loaded Objects now: 2311.
Total: 2.101200 ms (FindLiveObjects: 0.179800 ms CreateObjectMapping: 0.063200 ms MarkObjects: 1.717500 ms  DeleteObjects: 0.139700 ms)

========================================================================
Received Import Request.
  Time since last request: 224.216855 seconds.
  path: Assets/Scenes/MainScene.unity
  artifactKey: Guid(2cda990e2423bbf4892e6590ba056729) Importer(815301076,1909f56bfc062723c751e8b465ee728b)
Start importing Assets/Scenes/MainScene.unity using Guid(2cda990e2423bbf4892e6590ba056729) Importer(815301076,1909f56bfc062723c751e8b465ee728b)  -> (artifact id: '71e362cd922bf38fdb630ee92229c20a') in 0.011116 seconds
  Import took 0.014653 seconds .

========================================================================
Received Prepare
Registering precompiled user dll's ...
Registered in 0.001127 seconds.
Begin MonoManager ReloadAssembly
Native extension for WindowsStandalone target not found
Refreshing native plugins compatible for Editor in 0.34 ms, found 1 plugins.
Preloading 0 native plugins for Editor in 0.00 ms.
Invoked RoslynAnalysisRunner static constructor.
RoslynAnalysisRunner will not be running.
RoslynAnalysisRunner has terminated.
Mono: successfully reloaded assembly
- Completed reload, in  0.891 seconds
Platform modules already initialized, skipping
Refreshing native plugins compatible for Editor in 0.35 ms, found 1 plugins.
Preloading 0 native plugins for Editor in 0.00 ms.
Unloading 1837 Unused Serialized files (Serialized files now loaded: 0)
System memory in use before: 88.8 MB.
System memory in use after: 88.7 MB.

Unloading 12 unused Assets to reduce memory usage. Loaded Objects now: 2315.
Total: 2.303700 ms (FindLiveObjects: 0.224900 ms CreateObjectMapping: 0.086800 ms MarkObjects: 1.882300 ms  DeleteObjects: 0.108200 ms)

========================================================================
Received Import Request.
  Time since last request: 342.159413 seconds.
  path: Assets/Misc/Potato Pandemonium.mp3
  artifactKey: Guid(16bc1cfe0478d6544b6abc6a7c77f3df) Importer(815301076,1909f56bfc062723c751e8b465ee728b)
Start importing Assets/Misc/Potato Pandemonium.mp3 using Guid(16bc1cfe0478d6544b6abc6a7c77f3df) Importer(815301076,1909f56bfc062723c751e8b465ee728b)  -> (artifact id: '063b60e8da84b0ffcd9ee69b385dd494') in 0.050540 seconds
  Import took 0.067338 seconds .

========================================================================
Received Prepare
Registering precompiled user dll's ...
Registered in 0.000934 seconds.
Begin MonoManager ReloadAssembly
Native extension for WindowsStandalone target not found
Refreshing native plugins compatible for Editor in 0.35 ms, found 1 plugins.
Preloading 0 native plugins for Editor in 0.00 ms.
Invoked RoslynAnalysisRunner static constructor.
RoslynAnalysisRunner will not be running.
RoslynAnalysisRunner has terminated.
Mono: successfully reloaded assembly
- Completed reload, in  0.847 seconds
Platform modules already initialized, skipping
Refreshing native plugins compatible for Editor in 0.35 ms, found 1 plugins.
Preloading 0 native plugins for Editor in 0.00 ms.
Unloading 1837 Unused Serialized files (Serialized files now loaded: 0)
System memory in use before: 88.8 MB.
System memory in use after: 88.8 MB.

Unloading 12 unused Assets to reduce memory usage. Loaded Objects now: 2320.
Total: 2.453200 ms (FindLiveObjects: 0.331800 ms CreateObjectMapping: 0.095800 ms MarkObjects: 1.906000 ms  DeleteObjects: 0.117900 ms)

========================================================================
Received Prepare
Registering precompiled user dll's ...
Registered in 0.000943 seconds.
Begin MonoManager ReloadAssembly
Native extension for WindowsStandalone target not found
Refreshing native plugins compatible for Editor in 0.36 ms, found 1 plugins.
Preloading 0 native plugins for Editor in 0.00 ms.
Invoked RoslynAnalysisRunner static constructor.
RoslynAnalysisRunner will not be running.
RoslynAnalysisRunner has terminated.
Mono: successfully reloaded assembly
- Completed reload, in  0.922 seconds
Platform modules already initialized, skipping
Refreshing native plugins compatible for Editor in 0.36 ms, found 1 plugins.
Preloading 0 native plugins for Editor in 0.00 ms.
Unloading 1837 Unused Serialized files (Serialized files now loaded: 0)
System memory in use before: 88.8 MB.
System memory in use after: 88.8 MB.

Unloading 12 unused Assets to reduce memory usage. Loaded Objects now: 2324.
Total: 2.186100 ms (FindLiveObjects: 0.228100 ms CreateObjectMapping: 0.058300 ms MarkObjects: 1.773900 ms  DeleteObjects: 0.124800 ms)

========================================================================
Received Import Request.
  Time since last request: 366.648815 seconds.
  path: Assets/Misc/DontDestroyOnLoad.cs
  artifactKey: Guid(be9673ed0ea6a5445909d59ab236cc74) Importer(815301076,1909f56bfc062723c751e8b465ee728b)
Start importing Assets/Misc/DontDestroyOnLoad.cs using Guid(be9673ed0ea6a5445909d59ab236cc74) Importer(815301076,1909f56bfc062723c751e8b465ee728b)  -> (artifact id: '926a3d69b7086a2698577d60914b1049') in 0.021976 seconds
  Import took 0.048021 seconds .

========================================================================
Received Prepare
Registering precompiled user dll's ...
Registered in 0.000929 seconds.
Begin MonoManager ReloadAssembly
Native extension for WindowsStandalone target not found
Refreshing native plugins compatible for Editor in 0.36 ms, found 1 plugins.
Preloading 0 native plugins for Editor in 0.00 ms.
Invoked RoslynAnalysisRunner static constructor.
RoslynAnalysisRunner will not be running.
RoslynAnalysisRunner has terminated.
Mono: successfully reloaded assembly
- Completed reload, in  0.948 seconds
Platform modules already initialized, skipping
Refreshing native plugins compatible for Editor in 0.57 ms, found 1 plugins.
Preloading 0 native plugins for Editor in 0.00 ms.
Unloading 1838 Unused Serialized files (Serialized files now loaded: 0)
System memory in use before: 88.8 MB.
System memory in use after: 88.8 MB.

Unloading 12 unused Assets to reduce memory usage. Loaded Objects now: 2329.
Total: 2.479100 ms (FindLiveObjects: 0.241000 ms CreateObjectMapping: 0.084000 ms MarkObjects: 2.005600 ms  DeleteObjects: 0.147200 ms)

========================================================================
Received Prepare
Registering precompiled user dll's ...
Registered in 0.000877 seconds.
Begin MonoManager ReloadAssembly
Native extension for WindowsStandalone target not found
Refreshing native plugins compatible for Editor in 0.35 ms, found 1 plugins.
Preloading 0 native plugins for Editor in 0.00 ms.
Invoked RoslynAnalysisRunner static constructor.
RoslynAnalysisRunner will not be running.
RoslynAnalysisRunner has terminated.
Mono: successfully reloaded assembly
- Completed reload, in  0.823 seconds
Platform modules already initialized, skipping
Refreshing native plugins compatible for Editor in 0.44 ms, found 1 plugins.
Preloading 0 native plugins for Editor in 0.00 ms.
Unloading 1838 Unused Serialized files (Serialized files now loaded: 0)
System memory in use before: 88.8 MB.
System memory in use after: 88.8 MB.

Unloading 12 unused Assets to reduce memory usage. Loaded Objects now: 2333.
Total: 2.426100 ms (FindLiveObjects: 0.206600 ms CreateObjectMapping: 0.070100 ms MarkObjects: 1.999600 ms  DeleteObjects: 0.148800 ms)

========================================================================
Received Import Request.
  Time since last request: 43.673819 seconds.
  path: Assets/Misc/DontDestroyOnLoad.cs
  artifactKey: Guid(be9673ed0ea6a5445909d59ab236cc74) Importer(815301076,1909f56bfc062723c751e8b465ee728b)
Start importing Assets/Misc/DontDestroyOnLoad.cs using Guid(be9673ed0ea6a5445909d59ab236cc74) Importer(815301076,1909f56bfc062723c751e8b465ee728b)  -> (artifact id: '9f0e791748c913cf9382b3541d216baa') in 0.008921 seconds
  Import took 0.011981 seconds .

========================================================================
Received Prepare
Registering precompiled user dll's ...
Registered in 0.001463 seconds.
Begin MonoManager ReloadAssembly
Native extension for WindowsStandalone target not found
Refreshing native plugins compatible for Editor in 0.35 ms, found 1 plugins.
Preloading 0 native plugins for Editor in 0.00 ms.
Invoked RoslynAnalysisRunner static constructor.
RoslynAnalysisRunner will not be running.
RoslynAnalysisRunner has terminated.
Mono: successfully reloaded assembly
- Completed reload, in  0.847 seconds
Platform modules already initialized, skipping
Refreshing native plugins compatible for Editor in 0.35 ms, found 1 plugins.
Preloading 0 native plugins for Editor in 0.00 ms.
Unloading 1838 Unused Serialized files (Serialized files now loaded: 0)
System memory in use before: 88.8 MB.
System memory in use after: 88.8 MB.

Unloading 12 unused Assets to reduce memory usage. Loaded Objects now: 2337.
Total: 2.388400 ms (FindLiveObjects: 0.361400 ms CreateObjectMapping: 0.229000 ms MarkObjects: 1.633300 ms  DeleteObjects: 0.163400 ms)

========================================================================
Received Prepare
Registering precompiled user dll's ...
Registered in 0.000955 seconds.
Begin MonoManager ReloadAssembly
Native extension for WindowsStandalone target not found
Refreshing native plugins compatible for Editor in 0.47 ms, found 1 plugins.
Preloading 0 native plugins for Editor in 0.00 ms.
Invoked RoslynAnalysisRunner static constructor.
RoslynAnalysisRunner will not be running.
RoslynAnalysisRunner has terminated.
Mono: successfully reloaded assembly
- Completed reload, in  1.113 seconds
Platform modules already initialized, skipping
Refreshing native plugins compatible for Editor in 0.43 ms, found 1 plugins.
Preloading 0 native plugins for Editor in 0.00 ms.
Unloading 1838 Unused Serialized files (Serialized files now loaded: 0)
System memory in use before: 88.8 MB.
System memory in use after: 88.8 MB.

Unloading 12 unused Assets to reduce memory usage. Loaded Objects now: 2341.
Total: 2.903500 ms (FindLiveObjects: 0.247900 ms CreateObjectMapping: 0.067100 ms MarkObjects: 2.442700 ms  DeleteObjects: 0.131600 ms)

========================================================================
Received Prepare
Registering precompiled user dll's ...
Registered in 0.001087 seconds.
Begin MonoManager ReloadAssembly
Native extension for WindowsStandalone target not found
Refreshing native plugins compatible for Editor in 0.36 ms, found 1 plugins.
Preloading 0 native plugins for Editor in 0.00 ms.
Invoked RoslynAnalysisRunner static constructor.
RoslynAnalysisRunner will not be running.
RoslynAnalysisRunner has terminated.
Mono: successfully reloaded assembly
- Completed reload, in  0.940 seconds
Platform modules already initialized, skipping
Refreshing native plugins compatible for Editor in 0.36 ms, found 1 plugins.
Preloading 0 native plugins for Editor in 0.00 ms.
Unloading 1838 Unused Serialized files (Serialized files now loaded: 0)
System memory in use before: 88.8 MB.
System memory in use after: 88.8 MB.

Unloading 12 unused Assets to reduce memory usage. Loaded Objects now: 2345.
Total: 1.991200 ms (FindLiveObjects: 0.206500 ms CreateObjectMapping: 0.115600 ms MarkObjects: 1.461600 ms  DeleteObjects: 0.206400 ms)

========================================================================
Received Import Request.
  Time since last request: 205.874780 seconds.
  path: Assets/Misc/DontDestroyOnLoad.cs
  artifactKey: Guid(be9673ed0ea6a5445909d59ab236cc74) Importer(815301076,1909f56bfc062723c751e8b465ee728b)
Start importing Assets/Misc/DontDestroyOnLoad.cs using Guid(be9673ed0ea6a5445909d59ab236cc74) Importer(815301076,1909f56bfc062723c751e8b465ee728b)  -> (artifact id: 'c0bf7f03e2cf29e768584794c4192f20') in 0.007764 seconds
  Import took 0.022459 seconds .

========================================================================
Received Import Request.
  Time since last request: 0.000730 seconds.
  path: Assets/Misc/DontDestroyOnLoad.cs
  artifactKey: Guid(be9673ed0ea6a5445909d59ab236cc74) Importer(815301076,1909f56bfc062723c751e8b465ee728b)
Start importing Assets/Misc/DontDestroyOnLoad.cs using Guid(be9673ed0ea6a5445909d59ab236cc74) Importer(815301076,1909f56bfc062723c751e8b465ee728b)  -> (artifact id: 'c0bf7f03e2cf29e768584794c4192f20') in 0.003792 seconds
  Import took 0.007297 seconds .

========================================================================
Received Import Request.
  Time since last request: 0.768168 seconds.
  path: Assets/Misc/GameManagerScript.cs
  artifactKey: Guid(59b08904246c67147a0b11b39a231070) Importer(815301076,1909f56bfc062723c751e8b465ee728b)
Start importing Assets/Misc/GameManagerScript.cs using Guid(59b08904246c67147a0b11b39a231070) Importer(815301076,1909f56bfc062723c751e8b465ee728b)  -> (artifact id: 'b5a6b78d0b620117312eb535af5b8171') in 0.008178 seconds
  Import took 0.019853 seconds .

========================================================================
Received Import Request.
  Time since last request: 0.015903 seconds.
  path: Assets/Misc/GameManagerScript.cs
  artifactKey: Guid(59b08904246c67147a0b11b39a231070) Importer(815301076,1909f56bfc062723c751e8b465ee728b)
Start importing Assets/Misc/GameManagerScript.cs using Guid(59b08904246c67147a0b11b39a231070) Importer(815301076,1909f56bfc062723c751e8b465ee728b)  -> (artifact id: 'b5a6b78d0b620117312eb535af5b8171') in 0.003212 seconds
  Import took 0.006959 seconds .

========================================================================
Received Import Request.
  Time since last request: 5.300921 seconds.
  path: Assets/Misc/MusicManager.cs
  artifactKey: Guid(be9673ed0ea6a5445909d59ab236cc74) Importer(815301076,1909f56bfc062723c751e8b465ee728b)
Start importing Assets/Misc/MusicManager.cs using Guid(be9673ed0ea6a5445909d59ab236cc74) Importer(815301076,1909f56bfc062723c751e8b465ee728b)  -> (artifact id: '3dcacd9731de470208f0bd12e0194f02') in 0.007863 seconds
  Import took 0.011230 seconds .

========================================================================
Received Prepare
Registering precompiled user dll's ...
Registered in 0.001138 seconds.
Begin MonoManager ReloadAssembly
Native extension for WindowsStandalone target not found
Refreshing native plugins compatible for Editor in 0.35 ms, found 1 plugins.
Preloading 0 native plugins for Editor in 0.00 ms.
Invoked RoslynAnalysisRunner static constructor.
RoslynAnalysisRunner will not be running.
RoslynAnalysisRunner has terminated.
Mono: successfully reloaded assembly
- Completed reload, in  0.956 seconds
Platform modules already initialized, skipping
Refreshing native plugins compatible for Editor in 0.35 ms, found 1 plugins.
Preloading 0 native plugins for Editor in 0.00 ms.
Unloading 1838 Unused Serialized files (Serialized files now loaded: 0)
System memory in use before: 88.9 MB.
System memory in use after: 88.8 MB.

Unloading 12 unused Assets to reduce memory usage. Loaded Objects now: 2349.
Total: 2.682000 ms (FindLiveObjects: 0.217800 ms CreateObjectMapping: 0.075600 ms MarkObjects: 2.248600 ms  DeleteObjects: 0.138900 ms)

========================================================================
Received Prepare
Registering precompiled user dll's ...
Registered in 0.001055 seconds.
Begin MonoManager ReloadAssembly
Native extension for WindowsStandalone target not found
Refreshing native plugins compatible for Editor in 0.38 ms, found 1 plugins.
Preloading 0 native plugins for Editor in 0.00 ms.
Invoked RoslynAnalysisRunner static constructor.
RoslynAnalysisRunner will not be running.
RoslynAnalysisRunner has terminated.
Mono: successfully reloaded assembly
- Completed reload, in  0.932 seconds
Platform modules already initialized, skipping
Refreshing native plugins compatible for Editor in 0.50 ms, found 1 plugins.
Preloading 0 native plugins for Editor in 0.00 ms.
Unloading 1838 Unused Serialized files (Serialized files now loaded: 0)
System memory in use before: 88.9 MB.
System memory in use after: 88.9 MB.

Unloading 12 unused Assets to reduce memory usage. Loaded Objects now: 2353.
Total: 2.394200 ms (FindLiveObjects: 0.260800 ms CreateObjectMapping: 0.070900 ms MarkObjects: 1.918400 ms  DeleteObjects: 0.143000 ms)

========================================================================
Received Import Request.
  Time since last request: 50.161271 seconds.
  path: Assets/Misc/MusicManager.cs
  artifactKey: Guid(be9673ed0ea6a5445909d59ab236cc74) Importer(815301076,1909f56bfc062723c751e8b465ee728b)
Start importing Assets/Misc/MusicManager.cs using Guid(be9673ed0ea6a5445909d59ab236cc74) Importer(815301076,1909f56bfc062723c751e8b465ee728b)  -> (artifact id: 'eca2d1b753af2e74f4bc402ff8fdabb9') in 0.007073 seconds
  Import took 0.010743 seconds .

========================================================================
Received Prepare
Registering precompiled user dll's ...
Registered in 0.001353 seconds.
Begin MonoManager ReloadAssembly
Native extension for WindowsStandalone target not found
Refreshing native plugins compatible for Editor in 0.42 ms, found 1 plugins.
Preloading 0 native plugins for Editor in 0.00 ms.
Invoked RoslynAnalysisRunner static constructor.
RoslynAnalysisRunner will not be running.
RoslynAnalysisRunner has terminated.
Mono: successfully reloaded assembly
- Completed reload, in  0.884 seconds
Platform modules already initialized, skipping
Refreshing native plugins compatible for Editor in 0.33 ms, found 1 plugins.
Preloading 0 native plugins for Editor in 0.00 ms.
Unloading 1838 Unused Serialized files (Serialized files now loaded: 0)
System memory in use before: 88.9 MB.
System memory in use after: 88.9 MB.

Unloading 12 unused Assets to reduce memory usage. Loaded Objects now: 2357.
Total: 2.618100 ms (FindLiveObjects: 0.284100 ms CreateObjectMapping: 0.066300 ms MarkObjects: 2.109300 ms  DeleteObjects: 0.156800 ms)

========================================================================
Received Import Request.
  Time since last request: 14.187098 seconds.
  path: Assets/Misc/MusicManager.cs
  artifactKey: Guid(be9673ed0ea6a5445909d59ab236cc74) Importer(815301076,1909f56bfc062723c751e8b465ee728b)
Start importing Assets/Misc/MusicManager.cs using Guid(be9673ed0ea6a5445909d59ab236cc74) Importer(815301076,1909f56bfc062723c751e8b465ee728b)  -> (artifact id: 'd1cf868885497a3f7f905007b0ca4212') in 0.006878 seconds
  Import took 0.019276 seconds .

========================================================================
Received Import Request.
  Time since last request: 0.003076 seconds.
  path: Assets/Misc/MusicManager.cs
  artifactKey: Guid(be9673ed0ea6a5445909d59ab236cc74) Importer(815301076,1909f56bfc062723c751e8b465ee728b)
Start importing Assets/Misc/MusicManager.cs using Guid(be9673ed0ea6a5445909d59ab236cc74) Importer(815301076,1909f56bfc062723c751e8b465ee728b)  -> (artifact id: 'd1cf868885497a3f7f905007b0ca4212') in 0.003106 seconds
  Import took 0.006331 seconds .

========================================================================
Received Prepare
Registering precompiled user dll's ...
Registered in 0.001298 seconds.
Begin MonoManager ReloadAssembly
Native extension for WindowsStandalone target not found
Refreshing native plugins compatible for Editor in 0.42 ms, found 1 plugins.
Preloading 0 native plugins for Editor in 0.00 ms.
Invoked RoslynAnalysisRunner static constructor.
RoslynAnalysisRunner will not be running.
RoslynAnalysisRunner has terminated.
Mono: successfully reloaded assembly
- Completed reload, in  0.929 seconds
Platform modules already initialized, skipping
Refreshing native plugins compatible for Editor in 0.39 ms, found 1 plugins.
Preloading 0 native plugins for Editor in 0.00 ms.
Unloading 1838 Unused Serialized files (Serialized files now loaded: 0)
System memory in use before: 88.9 MB.
System memory in use after: 88.9 MB.

Unloading 12 unused Assets to reduce memory usage. Loaded Objects now: 2361.
Total: 2.112400 ms (FindLiveObjects: 0.195900 ms CreateObjectMapping: 0.060300 ms MarkObjects: 1.727100 ms  DeleteObjects: 0.128200 ms)

========================================================================
Received Prepare
Registering precompiled user dll's ...
Registered in 0.000971 seconds.
Begin MonoManager ReloadAssembly
Native extension for WindowsStandalone target not found
Refreshing native plugins compatible for Editor in 0.40 ms, found 1 plugins.
Preloading 0 native plugins for Editor in 0.00 ms.
Invoked RoslynAnalysisRunner static constructor.
RoslynAnalysisRunner will not be running.
RoslynAnalysisRunner has terminated.
Mono: successfully reloaded assembly
- Completed reload, in  0.916 seconds
Platform modules already initialized, skipping
Refreshing native plugins compatible for Editor in 0.35 ms, found 1 plugins.
Preloading 0 native plugins for Editor in 0.00 ms.
Unloading 1838 Unused Serialized files (Serialized files now loaded: 0)
System memory in use before: 88.9 MB.
System memory in use after: 88.9 MB.

Unloading 12 unused Assets to reduce memory usage. Loaded Objects now: 2365.
Total: 2.491800 ms (FindLiveObjects: 0.386200 ms CreateObjectMapping: 0.184400 ms MarkObjects: 1.798100 ms  DeleteObjects: 0.120900 ms)

========================================================================
Received Import Request.
  Time since last request: 374.950980 seconds.
  path: Assets/Misc/Potato Pandemonium.mp3
  artifactKey: Guid(16bc1cfe0478d6544b6abc6a7c77f3df) Importer(815301076,1909f56bfc062723c751e8b465ee728b)
Start importing Assets/Misc/Potato Pandemonium.mp3 using Guid(16bc1cfe0478d6544b6abc6a7c77f3df) Importer(815301076,1909f56bfc062723c751e8b465ee728b)  -> (artifact id: '50851b8635253593cf97c894e3339be5') in 0.052327 seconds
  Import took 0.059430 seconds .

========================================================================
Received Prepare
Registering precompiled user dll's ...
Registered in 0.001307 seconds.
Begin MonoManager ReloadAssembly
Native extension for WindowsStandalone target not found
Refreshing native plugins compatible for Editor in 0.41 ms, found 1 plugins.
Preloading 0 native plugins for Editor in 0.00 ms.
Invoked RoslynAnalysisRunner static constructor.
RoslynAnalysisRunner will not be running.
RoslynAnalysisRunner has terminated.
Mono: successfully reloaded assembly
- Completed reload, in  1.085 seconds
Platform modules already initialized, skipping
Refreshing native plugins compatible for Editor in 0.37 ms, found 1 plugins.
Preloading 0 native plugins for Editor in 0.00 ms.
Unloading 1838 Unused Serialized files (Serialized files now loaded: 0)
System memory in use before: 88.9 MB.
System memory in use after: 88.9 MB.

Unloading 12 unused Assets to reduce memory usage. Loaded Objects now: 2370.
Total: 2.261000 ms (FindLiveObjects: 0.301500 ms CreateObjectMapping: 0.088100 ms MarkObjects: 1.674600 ms  DeleteObjects: 0.195500 ms)

========================================================================
Received Import Request.
  Time since last request: 1350.556738 seconds.
  path: Assets/Misc/Potato Pandemonium.mp3
  artifactKey: Guid(16bc1cfe0478d6544b6abc6a7c77f3df) Importer(815301076,1909f56bfc062723c751e8b465ee728b)
Start importing Assets/Misc/Potato Pandemonium.mp3 using Guid(16bc1cfe0478d6544b6abc6a7c77f3df) Importer(815301076,1909f56bfc062723c751e8b465ee728b)  -> (artifact id: '5893cc10d8d3d04320e55114c97679bc') in 0.055652 seconds
  Import took 0.061379 seconds .

========================================================================
Received Prepare
Registering precompiled user dll's ...
Registered in 0.000985 seconds.
Begin MonoManager ReloadAssembly
Native extension for WindowsStandalone target not found
Refreshing native plugins compatible for Editor in 0.45 ms, found 1 plugins.
Preloading 0 native plugins for Editor in 0.00 ms.
Invoked RoslynAnalysisRunner static constructor.
RoslynAnalysisRunner will not be running.
RoslynAnalysisRunner has terminated.
Mono: successfully reloaded assembly
- Completed reload, in  0.912 seconds
Platform modules already initialized, skipping
Refreshing native plugins compatible for Editor in 0.37 ms, found 1 plugins.
Preloading 0 native plugins for Editor in 0.00 ms.
Unloading 1838 Unused Serialized files (Serialized files now loaded: 0)
System memory in use before: 88.9 MB.
System memory in use after: 88.9 MB.

Unloading 12 unused Assets to reduce memory usage. Loaded Objects now: 2375.
Total: 2.063300 ms (FindLiveObjects: 0.205900 ms CreateObjectMapping: 0.071700 ms MarkObjects: 1.652800 ms  DeleteObjects: 0.132200 ms)

========================================================================
Received Import Request.
  Time since last request: 492.410173 seconds.
  path: ProjectSettings/TagManager.asset
  artifactKey: Guid(00000000000000003000000000000000) Importer(815301076,1909f56bfc062723c751e8b465ee728b)
Start importing ProjectSettings/TagManager.asset using Guid(00000000000000003000000000000000) Importer(815301076,1909f56bfc062723c751e8b465ee728b)  -> (artifact id: 'a51a3dcbb29169e34f5a055d123559fe') in 0.024122 seconds
  Import took 0.065075 seconds .

========================================================================
Received Prepare
Registering precompiled user dll's ...
Registered in 0.000967 seconds.
Begin MonoManager ReloadAssembly
Native extension for WindowsStandalone target not found
Refreshing native plugins compatible for Editor in 1.68 ms, found 1 plugins.
Preloading 0 native plugins for Editor in 0.00 ms.
Invoked RoslynAnalysisRunner static constructor.
RoslynAnalysisRunner will not be running.
RoslynAnalysisRunner has terminated.
Mono: successfully reloaded assembly
- Completed reload, in  0.928 seconds
Platform modules already initialized, skipping
Refreshing native plugins compatible for Editor in 0.36 ms, found 1 plugins.
Preloading 0 native plugins for Editor in 0.00 ms.
Unloading 1838 Unused Serialized files (Serialized files now loaded: 0)
System memory in use before: 88.9 MB.
System memory in use after: 88.9 MB.

Unloading 13 unused Assets to reduce memory usage. Loaded Objects now: 2379.
Total: 2.200200 ms (FindLiveObjects: 0.251400 ms CreateObjectMapping: 0.085100 ms MarkObjects: 1.731900 ms  DeleteObjects: 0.130900 ms)

========================================================================
Received Import Request.
  Time since last request: 89.656568 seconds.
  path: Assets/Boss/Eggplant/EggplantController.controller
  artifactKey: Guid(e451406afb30e2841ad7a3669d372829) Importer(815301076,1909f56bfc062723c751e8b465ee728b)
Start importing Assets/Boss/Eggplant/EggplantController.controller using Guid(e451406afb30e2841ad7a3669d372829) Importer(815301076,1909f56bfc062723c751e8b465ee728b) SendMessage cannot be called during Awake, CheckConsistency, or OnValidate

SendMessage cannot be called during Awake, CheckConsistency, or OnValidate

SendMessage cannot be called during Awake, CheckConsistency, or OnValidate

SendMessage cannot be called during Awake, CheckConsistency, or OnValidate

SendMessage cannot be called during Awake, CheckConsistency, or OnValidate

 -> (artifact id: '82fecac68e5d8e20896dd3d9ff2954c7') in 0.103575 seconds
  Import took 0.117081 seconds .

========================================================================
Received Prepare
Registering precompiled user dll's ...
Registered in 0.000859 seconds.
Begin MonoManager ReloadAssembly
Native extension for WindowsStandalone target not found
Refreshing native plugins compatible for Editor in 0.34 ms, found 1 plugins.
Preloading 0 native plugins for Editor in 0.00 ms.
Invoked RoslynAnalysisRunner static constructor.
RoslynAnalysisRunner will not be running.
RoslynAnalysisRunner has terminated.
Mono: successfully reloaded assembly
- Completed reload, in  0.887 seconds
Platform modules already initialized, skipping
Refreshing native plugins compatible for Editor in 0.34 ms, found 1 plugins.
Preloading 0 native plugins for Editor in 0.00 ms.
Unloading 1838 Unused Serialized files (Serialized files now loaded: 0)
System memory in use before: 89.1 MB.
System memory in use after: 89.1 MB.

Unloading 12 unused Assets to reduce memory usage. Loaded Objects now: 2383.
Total: 2.203800 ms (FindLiveObjects: 0.229700 ms CreateObjectMapping: 0.068500 ms MarkObjects: 1.766600 ms  DeleteObjects: 0.138000 ms)

========================================================================
Received Prepare
Registering precompiled user dll's ...
Registered in 0.000875 seconds.
Begin MonoManager ReloadAssembly
Native extension for WindowsStandalone target not found
Refreshing native plugins compatible for Editor in 0.34 ms, found 1 plugins.
Preloading 0 native plugins for Editor in 0.00 ms.
Invoked RoslynAnalysisRunner static constructor.
RoslynAnalysisRunner will not be running.
RoslynAnalysisRunner has terminated.
Mono: successfully reloaded assembly
- Completed reload, in  0.879 seconds
Platform modules already initialized, skipping
Refreshing native plugins compatible for Editor in 0.53 ms, found 1 plugins.
Preloading 0 native plugins for Editor in 0.00 ms.
Unloading 1838 Unused Serialized files (Serialized files now loaded: 0)
System memory in use before: 89.1 MB.
System memory in use after: 89.1 MB.

Unloading 12 unused Assets to reduce memory usage. Loaded Objects now: 2387.
Total: 2.181500 ms (FindLiveObjects: 0.236900 ms CreateObjectMapping: 0.084400 ms MarkObjects: 1.739300 ms  DeleteObjects: 0.119800 ms)

========================================================================
Received Prepare
Registering precompiled user dll's ...
Registered in 0.000863 seconds.
Begin MonoManager ReloadAssembly
Native extension for WindowsStandalone target not found
Refreshing native plugins compatible for Editor in 0.61 ms, found 1 plugins.
Preloading 0 native plugins for Editor in 0.00 ms.
Invoked RoslynAnalysisRunner static constructor.
RoslynAnalysisRunner will not be running.
RoslynAnalysisRunner has terminated.
Mono: successfully reloaded assembly
- Completed reload, in  0.858 seconds
Platform modules already initialized, skipping
Refreshing native plugins compatible for Editor in 0.56 ms, found 1 plugins.
Preloading 0 native plugins for Editor in 0.00 ms.
Unloading 1838 Unused Serialized files (Serialized files now loaded: 0)
System memory in use before: 89.1 MB.
System memory in use after: 89.1 MB.

Unloading 12 unused Assets to reduce memory usage. Loaded Objects now: 2391.
Total: 2.906900 ms (FindLiveObjects: 0.208400 ms CreateObjectMapping: 0.075400 ms MarkObjects: 2.490600 ms  DeleteObjects: 0.131100 ms)

========================================================================
Received Prepare
Refreshing native plugins compatible for Editor in 1.53 ms, found 1 plugins.
Preloading 0 native plugins for Editor in 0.00 ms.
Unloading 10 Unused Serialized files (Serialized files now loaded: 0)
System memory in use before: 53.0 MB.
System memory in use after: 53.0 MB.

Unloading 10 unused Assets to reduce memory usage. Loaded Objects now: 2391.
Total: 2.354900 ms (FindLiveObjects: 0.247700 ms CreateObjectMapping: 0.059600 ms MarkObjects: 1.906800 ms  DeleteObjects: 0.139900 ms)

========================================================================
Received Prepare
Registering precompiled user dll's ...
Registered in 0.001445 seconds.
Begin MonoManager ReloadAssembly
Native extension for WindowsStandalone target not found
Refreshing native plugins compatible for Editor in 0.65 ms, found 1 plugins.
Preloading 0 native plugins for Editor in 0.00 ms.
Invoked RoslynAnalysisRunner static constructor.
RoslynAnalysisRunner will not be running.
RoslynAnalysisRunner has terminated.
Mono: successfully reloaded assembly
- Completed reload, in  0.941 seconds
Platform modules already initialized, skipping
Refreshing native plugins compatible for Editor in 0.35 ms, found 1 plugins.
Preloading 0 native plugins for Editor in 0.00 ms.
Unloading 1838 Unused Serialized files (Serialized files now loaded: 0)
System memory in use before: 89.1 MB.
System memory in use after: 89.1 MB.

Unloading 12 unused Assets to reduce memory usage. Loaded Objects now: 2395.
Total: 2.120300 ms (FindLiveObjects: 0.276200 ms CreateObjectMapping: 0.066900 ms MarkObjects: 1.659800 ms  DeleteObjects: 0.116300 ms)

========================================================================
Received Prepare
Refreshing native plugins compatible for Editor in 2.09 ms, found 1 plugins.
Preloading 0 native plugins for Editor in 0.00 ms.
Unloading 10 Unused Serialized files (Serialized files now loaded: 0)
System memory in use before: 53.0 MB.
System memory in use after: 53.0 MB.

Unloading 10 unused Assets to reduce memory usage. Loaded Objects now: 2395.
Total: 2.567500 ms (FindLiveObjects: 0.376400 ms CreateObjectMapping: 0.107500 ms MarkObjects: 1.960100 ms  DeleteObjects: 0.122200 ms)

========================================================================
Received Import Request.
  Time since last request: 547.890436 seconds.
  path: Assets/Player/Scripts/Player.cs
  artifactKey: Guid(99ce09f1d45ccef49a259fe6f6f1e166) Importer(815301076,1909f56bfc062723c751e8b465ee728b)
Start importing Assets/Player/Scripts/Player.cs using Guid(99ce09f1d45ccef49a259fe6f6f1e166) Importer(815301076,1909f56bfc062723c751e8b465ee728b)  -> (artifact id: '966b05eeeb38adcf2b52c3cc0afb8169') in 0.005290 seconds
  Import took 0.021849 seconds .

========================================================================
Received Import Request.
  Time since last request: 1.877598 seconds.
  path: Assets/Player/Scripts/Player.cs
  artifactKey: Guid(99ce09f1d45ccef49a259fe6f6f1e166) Importer(815301076,1909f56bfc062723c751e8b465ee728b)
Start importing Assets/Player/Scripts/Player.cs using Guid(99ce09f1d45ccef49a259fe6f6f1e166) Importer(815301076,1909f56bfc062723c751e8b465ee728b)  -> (artifact id: '966b05eeeb38adcf2b52c3cc0afb8169') in 0.003207 seconds
  Import took 0.007322 seconds .

========================================================================
Received Prepare
Registering precompiled user dll's ...
Registered in 0.001226 seconds.
Begin MonoManager ReloadAssembly
Native extension for WindowsStandalone target not found
Refreshing native plugins compatible for Editor in 0.62 ms, found 1 plugins.
Preloading 0 native plugins for Editor in 0.00 ms.
Invoked RoslynAnalysisRunner static constructor.
RoslynAnalysisRunner will not be running.
RoslynAnalysisRunner has terminated.
Mono: successfully reloaded assembly
- Completed reload, in  1.057 seconds
Platform modules already initialized, skipping
Refreshing native plugins compatible for Editor in 0.49 ms, found 1 plugins.
Preloading 0 native plugins for Editor in 0.00 ms.
Unloading 1838 Unused Serialized files (Serialized files now loaded: 0)
System memory in use before: 89.1 MB.
System memory in use after: 89.1 MB.

Unloading 12 unused Assets to reduce memory usage. Loaded Objects now: 2399.
Total: 2.583500 ms (FindLiveObjects: 0.228900 ms CreateObjectMapping: 0.079800 ms MarkObjects: 2.135300 ms  DeleteObjects: 0.137900 ms)

========================================================================
Received Prepare
Registering precompiled user dll's ...
Registered in 0.000896 seconds.
Begin MonoManager ReloadAssembly
Native extension for WindowsStandalone target not found
Refreshing native plugins compatible for Editor in 0.35 ms, found 1 plugins.
Preloading 0 native plugins for Editor in 0.00 ms.
Invoked RoslynAnalysisRunner static constructor.
RoslynAnalysisRunner will not be running.
RoslynAnalysisRunner has terminated.
Mono: successfully reloaded assembly
- Completed reload, in  0.831 seconds
Platform modules already initialized, skipping
Refreshing native plugins compatible for Editor in 0.43 ms, found 1 plugins.
Preloading 0 native plugins for Editor in 0.00 ms.
Unloading 1838 Unused Serialized files (Serialized files now loaded: 0)
System memory in use before: 89.1 MB.
System memory in use after: 89.1 MB.

Unloading 12 unused Assets to reduce memory usage. Loaded Objects now: 2403.
Total: 2.006800 ms (FindLiveObjects: 0.228000 ms CreateObjectMapping: 0.072500 ms MarkObjects: 1.587800 ms  DeleteObjects: 0.117700 ms)

========================================================================
Received Import Request.
  Time since last request: 973.837987 seconds.
  path: Assets/Scenes/WinScene.unity
  artifactKey: Guid(d9856d525e9f8c24bb43ca7c4cdf90b3) Importer(815301076,1909f56bfc062723c751e8b465ee728b)
Start importing Assets/Scenes/WinScene.unity using Guid(d9856d525e9f8c24bb43ca7c4cdf90b3) Importer(815301076,1909f56bfc062723c751e8b465ee728b)  -> (artifact id: '264d8995e68cd399af4e3cab2049a15e') in 0.021265 seconds
  Import took 0.029625 seconds .

========================================================================
Received Import Request.
  Time since last request: 8.002441 seconds.
  path: Assets/Scenes/MainScene.unity
  artifactKey: Guid(2cda990e2423bbf4892e6590ba056729) Importer(815301076,1909f56bfc062723c751e8b465ee728b)
Start importing Assets/Scenes/MainScene.unity using Guid(2cda990e2423bbf4892e6590ba056729) Importer(815301076,1909f56bfc062723c751e8b465ee728b)  -> (artifact id: '4ac5ed5b8af96732792cb5129abd42b1') in 0.006726 seconds
  Import took 0.012996 seconds .

========================================================================
Received Prepare
Registering precompiled user dll's ...
Registered in 0.000915 seconds.
Begin MonoManager ReloadAssembly
Native extension for WindowsStandalone target not found
Refreshing native plugins compatible for Editor in 0.73 ms, found 1 plugins.
Preloading 0 native plugins for Editor in 0.00 ms.
Invoked RoslynAnalysisRunner static constructor.
RoslynAnalysisRunner will not be running.
RoslynAnalysisRunner has terminated.
Mono: successfully reloaded assembly
- Completed reload, in  0.851 seconds
Platform modules already initialized, skipping
Refreshing native plugins compatible for Editor in 0.34 ms, found 1 plugins.
Preloading 0 native plugins for Editor in 0.00 ms.
Unloading 1838 Unused Serialized files (Serialized files now loaded: 0)
System memory in use before: 89.2 MB.
System memory in use after: 89.1 MB.

Unloading 12 unused Assets to reduce memory usage. Loaded Objects now: 2407.
Total: 2.199600 ms (FindLiveObjects: 0.218400 ms CreateObjectMapping: 0.076600 ms MarkObjects: 1.760900 ms  DeleteObjects: 0.143000 ms)

========================================================================
Received Prepare
Registering precompiled user dll's ...
Registered in 0.000904 seconds.
Begin MonoManager ReloadAssembly
Native extension for WindowsStandalone target not found
Refreshing native plugins compatible for Editor in 0.39 ms, found 1 plugins.
Preloading 0 native plugins for Editor in 0.00 ms.
Invoked RoslynAnalysisRunner static constructor.
RoslynAnalysisRunner will not be running.
RoslynAnalysisRunner has terminated.
Mono: successfully reloaded assembly
- Completed reload, in  0.868 seconds
Platform modules already initialized, skipping
Refreshing native plugins compatible for Editor in 0.33 ms, found 1 plugins.
Preloading 0 native plugins for Editor in 0.00 ms.
Unloading 1838 Unused Serialized files (Serialized files now loaded: 0)
System memory in use before: 89.2 MB.
System memory in use after: 89.2 MB.

Unloading 12 unused Assets to reduce memory usage. Loaded Objects now: 2411.
Total: 2.168900 ms (FindLiveObjects: 0.225400 ms CreateObjectMapping: 0.058100 ms MarkObjects: 1.743100 ms  DeleteObjects: 0.141100 ms)

========================================================================
Received Prepare
Registering precompiled user dll's ...
Registered in 0.000853 seconds.
Begin MonoManager ReloadAssembly
Native extension for WindowsStandalone target not found
Refreshing native plugins compatible for Editor in 0.35 ms, found 1 plugins.
Preloading 0 native plugins for Editor in 0.00 ms.
Invoked RoslynAnalysisRunner static constructor.
RoslynAnalysisRunner will not be running.
RoslynAnalysisRunner has terminated.
Mono: successfully reloaded assembly
- Completed reload, in  0.925 seconds
Platform modules already initialized, skipping
Refreshing native plugins compatible for Editor in 0.39 ms, found 1 plugins.
Preloading 0 native plugins for Editor in 0.00 ms.
Unloading 1838 Unused Serialized files (Serialized files now loaded: 0)
System memory in use before: 89.2 MB.
System memory in use after: 89.2 MB.

Unloading 12 unused Assets to reduce memory usage. Loaded Objects now: 2415.
Total: 2.466700 ms (FindLiveObjects: 0.234400 ms CreateObjectMapping: 0.078600 ms MarkObjects: 2.005600 ms  DeleteObjects: 0.146500 ms)

========================================================================
Received Prepare
Registering precompiled user dll's ...
Registered in 0.001026 seconds.
Begin MonoManager ReloadAssembly
Native extension for WindowsStandalone target not found
Refreshing native plugins compatible for Editor in 0.34 ms, found 1 plugins.
Preloading 0 native plugins for Editor in 0.00 ms.
Invoked RoslynAnalysisRunner static constructor.
RoslynAnalysisRunner will not be running.
RoslynAnalysisRunner has terminated.
Mono: successfully reloaded assembly
- Completed reload, in  0.793 seconds
Platform modules already initialized, skipping
Refreshing native plugins compatible for Editor in 0.37 ms, found 1 plugins.
Preloading 0 native plugins for Editor in 0.00 ms.
Unloading 1838 Unused Serialized files (Serialized files now loaded: 0)
System memory in use before: 89.2 MB.
System memory in use after: 89.2 MB.

Unloading 12 unused Assets to reduce memory usage. Loaded Objects now: 2419.
Total: 2.214300 ms (FindLiveObjects: 0.337800 ms CreateObjectMapping: 0.091100 ms MarkObjects: 1.648300 ms  DeleteObjects: 0.135200 ms)

========================================================================
Received Prepare
Registering precompiled user dll's ...
Registered in 0.000840 seconds.
Begin MonoManager ReloadAssembly
Native extension for WindowsStandalone target not found
Refreshing native plugins compatible for Editor in 0.39 ms, found 1 plugins.
Preloading 0 native plugins for Editor in 0.00 ms.
Invoked RoslynAnalysisRunner static constructor.
RoslynAnalysisRunner will not be running.
RoslynAnalysisRunner has terminated.
Mono: successfully reloaded assembly
- Completed reload, in  0.856 seconds
Platform modules already initialized, skipping
Refreshing native plugins compatible for Editor in 0.34 ms, found 1 plugins.
Preloading 0 native plugins for Editor in 0.00 ms.
Unloading 1838 Unused Serialized files (Serialized files now loaded: 0)
System memory in use before: 89.2 MB.
System memory in use after: 89.2 MB.

Unloading 12 unused Assets to reduce memory usage. Loaded Objects now: 2423.
Total: 3.276500 ms (FindLiveObjects: 0.334000 ms CreateObjectMapping: 0.154400 ms MarkObjects: 2.615100 ms  DeleteObjects: 0.170800 ms)

========================================================================
Received Prepare
Refreshing native plugins compatible for Editor in 1.59 ms, found 1 plugins.
Preloading 0 native plugins for Editor in 0.00 ms.
Unloading 10 Unused Serialized files (Serialized files now loaded: 0)
System memory in use before: 53.1 MB.
System memory in use after: 53.1 MB.

Unloading 10 unused Assets to reduce memory usage. Loaded Objects now: 2423.
Total: 2.053300 ms (FindLiveObjects: 0.197600 ms CreateObjectMapping: 0.062200 ms MarkObjects: 1.663700 ms  DeleteObjects: 0.128900 ms)

========================================================================
Received Prepare
Refreshing native plugins compatible for Editor in 1.51 ms, found 1 plugins.
Preloading 0 native plugins for Editor in 0.00 ms.
Unloading 10 Unused Serialized files (Serialized files now loaded: 0)
System memory in use before: 53.1 MB.
System memory in use after: 53.1 MB.

Unloading 10 unused Assets to reduce memory usage. Loaded Objects now: 2423.
Total: 2.939900 ms (FindLiveObjects: 0.230000 ms CreateObjectMapping: 0.068600 ms MarkObjects: 2.460300 ms  DeleteObjects: 0.179800 ms)

AssetImportWorkerClient::OnTransportError - code=2 error=End of file
